{"contracts\\SimpleStorage.sol":{"l":{"8":0,"12":0},"path":"C:\\Users\\Martin\\OneDrive\\Bureau\\votingSystem\\truffle\\contracts\\SimpleStorage.sol","s":{"1":0,"2":0},"b":{},"f":{"1":0,"2":0},"fnMap":{"1":{"name":"get","line":7,"loc":{"start":{"line":7,"column":2},"end":{"line":9,"column":2}}},"2":{"name":"set","line":11,"loc":{"start":{"line":11,"column":2},"end":{"line":13,"column":2}}}},"statementMap":{"1":{"start":{"line":8,"column":4},"end":{"line":8,"column":16}},"2":{"start":{"line":12,"column":4},"end":{"line":12,"column":19}}},"branchMap":{}},"contracts\\Voting.sol":{"l":{"47":17,"48":15,"62":3,"71":0,"84":11,"85":11,"87":11,"88":11,"103":7,"104":7,"107":5,"111":5,"112":5,"113":5,"114":5,"128":5,"129":5,"130":3,"132":3,"133":3,"134":3,"136":3,"147":7,"148":7,"149":7,"158":3,"159":3,"160":3,"169":3,"170":3,"171":3,"180":1,"181":1,"182":1,"192":0,"193":0,"194":0,"195":0,"196":0,"199":0,"201":0,"202":0},"path":"C:\\Users\\Martin\\OneDrive\\Bureau\\votingSystem\\truffle\\contracts\\Voting.sol","s":{"1":17,"2":3,"3":0,"4":11,"5":11,"6":11,"7":11,"8":7,"9":7,"10":5,"11":5,"12":5,"13":5,"14":5,"15":5,"16":5,"17":3,"18":3,"19":3,"20":3,"21":7,"22":7,"23":7,"24":3,"25":3,"26":3,"27":3,"28":3,"29":3,"30":1,"31":1,"32":1,"33":0,"34":0,"35":0,"36":0,"37":0,"38":0,"39":0,"40":0},"b":{"1":[15,2],"2":[11,0],"3":[11,0],"4":[7,0],"5":[5,2],"6":[5,0],"7":[5,0],"8":[3,2],"9":[3,0],"10":[7,0],"11":[3,0],"12":[3,0],"13":[1,0],"14":[0,0],"15":[0,0]},"f":{"1":17,"2":3,"3":0,"4":11,"5":7,"6":5,"7":7,"8":3,"9":3,"10":1,"11":0},"fnMap":{"1":{"name":"onlyVoters","line":46,"loc":{"start":{"line":46,"column":4},"end":{"line":49,"column":4}}},"2":{"name":"getVoter","line":61,"loc":{"start":{"line":61,"column":4},"end":{"line":63,"column":4}}},"3":{"name":"getOneProposal","line":70,"loc":{"start":{"line":70,"column":4},"end":{"line":72,"column":4}}},"4":{"name":"addVoter","line":83,"loc":{"start":{"line":83,"column":4},"end":{"line":90,"column":4}}},"5":{"name":"addProposal","line":102,"loc":{"start":{"line":102,"column":4},"end":{"line":115,"column":4}}},"6":{"name":"setVote","line":127,"loc":{"start":{"line":127,"column":4},"end":{"line":137,"column":4}}},"7":{"name":"startProposalsRegistering","line":146,"loc":{"start":{"line":146,"column":4},"end":{"line":150,"column":4}}},"8":{"name":"endProposalsRegistering","line":157,"loc":{"start":{"line":157,"column":4},"end":{"line":161,"column":4}}},"9":{"name":"startVotingSession","line":168,"loc":{"start":{"line":168,"column":4},"end":{"line":172,"column":4}}},"10":{"name":"endVotingSession","line":179,"loc":{"start":{"line":179,"column":4},"end":{"line":183,"column":4}}},"11":{"name":"tallyVotes","line":191,"loc":{"start":{"line":191,"column":4},"end":{"line":203,"column":4}}}},"statementMap":{"1":{"start":{"line":47,"column":8},"end":{"line":47,"column":69}},"2":{"start":{"line":62,"column":8},"end":{"line":62,"column":28}},"3":{"start":{"line":71,"column":8},"end":{"line":71,"column":34}},"4":{"start":{"line":84,"column":8},"end":{"line":84,"column":105}},"5":{"start":{"line":85,"column":8},"end":{"line":85,"column":72}},"6":{"start":{"line":87,"column":8},"end":{"line":87,"column":40}},"7":{"start":{"line":88,"column":8},"end":{"line":88,"column":35}},"8":{"start":{"line":103,"column":8},"end":{"line":103,"column":110}},"9":{"start":{"line":104,"column":8},"end":{"line":104,"column":112}},"10":{"start":{"line":107,"column":8},"end":{"line":107,"column":79}},"11":{"start":{"line":111,"column":8},"end":{"line":111,"column":32}},"12":{"start":{"line":112,"column":8},"end":{"line":112,"column":35}},"13":{"start":{"line":113,"column":8},"end":{"line":113,"column":36}},"14":{"start":{"line":114,"column":8},"end":{"line":114,"column":56}},"15":{"start":{"line":128,"column":8},"end":{"line":128,"column":106}},"16":{"start":{"line":129,"column":8},"end":{"line":129,"column":77}},"17":{"start":{"line":130,"column":8},"end":{"line":130,"column":65}},"18":{"start":{"line":132,"column":8},"end":{"line":132,"column":47}},"19":{"start":{"line":133,"column":8},"end":{"line":133,"column":41}},"20":{"start":{"line":136,"column":8},"end":{"line":136,"column":35}},"21":{"start":{"line":147,"column":8},"end":{"line":147,"column":111}},"22":{"start":{"line":148,"column":8},"end":{"line":148,"column":67}},"23":{"start":{"line":149,"column":8},"end":{"line":149,"column":112}},"24":{"start":{"line":158,"column":8},"end":{"line":158,"column":121}},"25":{"start":{"line":159,"column":8},"end":{"line":159,"column":65}},"26":{"start":{"line":160,"column":8},"end":{"line":160,"column":121}},"27":{"start":{"line":169,"column":8},"end":{"line":169,"column":122}},"28":{"start":{"line":170,"column":8},"end":{"line":170,"column":59}},"29":{"start":{"line":171,"column":8},"end":{"line":171,"column":113}},"30":{"start":{"line":180,"column":8},"end":{"line":180,"column":106}},"31":{"start":{"line":181,"column":8},"end":{"line":181,"column":57}},"32":{"start":{"line":182,"column":8},"end":{"line":182,"column":105}},"33":{"start":{"line":192,"column":7},"end":{"line":192,"column":112}},"34":{"start":{"line":193,"column":7},"end":{"line":193,"column":30}},"35":{"start":{"line":194,"column":6},"end":{"line":194,"column":8620}},"36":{"start":{"line":195,"column":11},"end":{"line":195,"column":8689}},"37":{"start":{"line":196,"column":15},"end":{"line":196,"column":36}},"38":{"start":{"line":199,"column":7},"end":{"line":199,"column":44}},"39":{"start":{"line":201,"column":7},"end":{"line":201,"column":50}},"40":{"start":{"line":202,"column":7},"end":{"line":202,"column":96}}},"branchMap":{"1":{"line":47,"type":"if","locations":[{"start":{"line":47,"column":8},"end":{"line":47,"column":8}},{"start":{"line":47,"column":8},"end":{"line":47,"column":8}}]},"2":{"line":84,"type":"if","locations":[{"start":{"line":84,"column":8},"end":{"line":84,"column":8}},{"start":{"line":84,"column":8},"end":{"line":84,"column":8}}]},"3":{"line":85,"type":"if","locations":[{"start":{"line":85,"column":8},"end":{"line":85,"column":8}},{"start":{"line":85,"column":8},"end":{"line":85,"column":8}}]},"4":{"line":103,"type":"if","locations":[{"start":{"line":103,"column":8},"end":{"line":103,"column":8}},{"start":{"line":103,"column":8},"end":{"line":103,"column":8}}]},"5":{"line":104,"type":"if","locations":[{"start":{"line":104,"column":8},"end":{"line":104,"column":8}},{"start":{"line":104,"column":8},"end":{"line":104,"column":8}}]},"6":{"line":107,"type":"if","locations":[{"start":{"line":107,"column":8},"end":{"line":107,"column":8}},{"start":{"line":107,"column":8},"end":{"line":107,"column":8}}]},"7":{"line":128,"type":"if","locations":[{"start":{"line":128,"column":8},"end":{"line":128,"column":8}},{"start":{"line":128,"column":8},"end":{"line":128,"column":8}}]},"8":{"line":129,"type":"if","locations":[{"start":{"line":129,"column":8},"end":{"line":129,"column":8}},{"start":{"line":129,"column":8},"end":{"line":129,"column":8}}]},"9":{"line":130,"type":"if","locations":[{"start":{"line":130,"column":8},"end":{"line":130,"column":8}},{"start":{"line":130,"column":8},"end":{"line":130,"column":8}}]},"10":{"line":147,"type":"if","locations":[{"start":{"line":147,"column":8},"end":{"line":147,"column":8}},{"start":{"line":147,"column":8},"end":{"line":147,"column":8}}]},"11":{"line":158,"type":"if","locations":[{"start":{"line":158,"column":8},"end":{"line":158,"column":8}},{"start":{"line":158,"column":8},"end":{"line":158,"column":8}}]},"12":{"line":169,"type":"if","locations":[{"start":{"line":169,"column":8},"end":{"line":169,"column":8}},{"start":{"line":169,"column":8},"end":{"line":169,"column":8}}]},"13":{"line":180,"type":"if","locations":[{"start":{"line":180,"column":8},"end":{"line":180,"column":8}},{"start":{"line":180,"column":8},"end":{"line":180,"column":8}}]},"14":{"line":192,"type":"if","locations":[{"start":{"line":192,"column":7},"end":{"line":192,"column":7}},{"start":{"line":192,"column":7},"end":{"line":192,"column":7}}]},"15":{"line":195,"type":"if","locations":[{"start":{"line":195,"column":11},"end":{"line":195,"column":11}},{"start":{"line":195,"column":11},"end":{"line":195,"column":11}}]}}}}